<?xml version="1.0" encoding="UTF-8"?>
<!-- Generated by org.testng.reporters.JUnitReportReporter -->
<testsuite skipped="0" hostname="LAPTOP-0VM259J4" name="com.gcr.scripts.InternetWindow" tests="1" failures="0" timestamp="2022-02-15T16:21:23 IST" time="11.946" errors="0">
  <testcase name="InternetDropdownTestcase" time="11.946" classname="com.gcr.scripts.InternetWindow"/>
  <system-out/>
</testsuite> <!-- com.gcr.scripts.InternetWindow -->
