<?xml version="1.0" encoding="UTF-8"?>
<!-- Generated by org.testng.reporters.JUnitReportReporter -->
<testsuite skipped="0" hostname="LAPTOP-0VM259J4" name="com.gcr.scripts.InternetHover" tests="1" failures="0" timestamp="2022-02-16T15:21:02 IST" time="15.963" errors="0">
  <testcase name="InternetDropdownTestcase" time="15.963" classname="com.gcr.scripts.InternetHover"/>
  <system-out/>
</testsuite> <!-- com.gcr.scripts.InternetHover -->
